Build started 11/13/2015 11:56:28 AM.
     1>Project "D:\OpenCV\CountingDetect\CountingDetect\CountingDetect.vcxproj" on node 2 (build target(s)).
     1>InitializeBuildStatus:
         Creating "Debug\CountingDetect.unsuccessfulbuild" because "AlwaysCreate" was specified.
       ClCompile:
         c:\Program Files (x86)\Microsoft Visual Studio 10.0\VC\bin\CL.exe /c /IC:\opencv\build\x86\vc10\..\..\include /IC:\eigen /ZI /nologo /W3 /WX- /Od /Oy- /D _MBCS /Gm /EHsc /RTC1 /MDd /GS /fp:precise /Zc:wchar_t /Zc:forScope /Fo"Debug\\" /Fd"Debug\vc100.pdb" /Gd /TP /analyze- /errorReport:prompt Demo.cpp
         Demo.cpp
     1>c:\opencv\build\include\opencv2\flann\logger.h(66): warning C4996: 'fopen': This function or variable may be unsafe. Consider using fopen_s instead. To disable deprecation, use _CRT_SECURE_NO_WARNINGS. See online help for details.
                 c:\program files (x86)\microsoft visual studio 10.0\vc\include\stdio.h(234) : see declaration of 'fopen'
       Link:
         c:\Program Files (x86)\Microsoft Visual Studio 10.0\VC\bin\link.exe /ERRORREPORT:PROMPT /OUT:"D:\OpenCV\CountingDetect\Debug\CountingDetect.exe" /NOLOGO /LIBPATH:C:\opencv\build\x86\vc10\lib /LIBPATH:C:\opencv\build\x86\vc10\bin opencv_calib3d249d.lib opencv_contrib249d.lib opencv_core249d.lib opencv_features2d249d.lib opencv_flann249d.lib opencv_gpu249d.lib opencv_highgui249d.lib opencv_imgproc249d.lib opencv_legacy249d.lib opencv_ml249d.lib opencv_nonfree249d.lib opencv_objdetect249d.lib opencv_ocl249d.lib opencv_photo249d.lib opencv_stitching249d.lib opencv_superres249d.lib opencv_ts249d.lib opencv_video249d.lib opencv_videostab249d.lib kernel32.lib user32.lib gdi32.lib winspool.lib comdlg32.lib advapi32.lib shell32.lib ole32.lib oleaut32.lib uuid.lib odbc32.lib odbccp32.lib /MANIFEST /ManifestFile:"Debug\CountingDetect.exe.intermediate.manifest" /MANIFESTUAC:"level='asInvoker' uiAccess='false'" /DEBUG /PDB:"D:\OpenCV\CountingDetect\Debug\CountingDetect.pdb" /TLBID:1 /DYNAMICBASE /NXCOMPAT /IMPLIB:"D:\OpenCV\CountingDetect\Debug\CountingDetect.lib" /MACHINE:X86 Debug\Demo.obj
         Debug\VehicleCouting.obj
         Debug\PBAS.obj
         Debug\PixelBasedAdaptiveSegmenter.obj
         Debug\BlobTracking.obj
         Debug\cvaux.obj
         Debug\cvblob.obj
         Debug\cvcolor.obj
         Debug\cvcontour.obj
         Debug\cvlabel.obj
         Debug\cvtrack.obj
         LINK : D:\OpenCV\CountingDetect\Debug\CountingDetect.exe not found or not built by the last incremental link; performing full link
         CountingDetect.vcxproj -> D:\OpenCV\CountingDetect\Debug\CountingDetect.exe
       Manifest:
         C:\Program Files (x86)\Microsoft SDKs\Windows\v7.0A\bin\mt.exe /nologo /verbose /outputresource:"D:\OpenCV\CountingDetect\Debug\CountingDetect.exe;#1" /manifest Debug\CountingDetect.exe.intermediate.manifest
       FinalizeBuildStatus:
         Deleting file "Debug\CountingDetect.unsuccessfulbuild".
         Touching "Debug\CountingDetect.lastbuildstate".
     1>Done Building Project "D:\OpenCV\CountingDetect\CountingDetect\CountingDetect.vcxproj" (build target(s)).

Build succeeded.

Time Elapsed 00:00:02.21
